<?xml version="1.0" encoding="UTF-8"?>
<testsuite xmlns:xsi="http://www.w3.org/2001/XMLSchema-instance" xsi:noNamespaceSchemaLocation="https://maven.apache.org/surefire/maven-surefire-plugin/xsd/surefire-test-report.xsd" version="3.0.2" name="com.kes.rag.SmartDocumentSplitterTest" time="0.346" tests="3" errors="0" skipped="0" failures="0">
  <properties>
[...]
</properties>
  <testcase name="testSplitStrategies" classname="com.kes.rag.SmartDocumentSplitterTest" time="0.252"/>
  <testcase name="testSplitWithSmallContent" classname="com.kes.rag.SmartDocumentSplitterTest" time="0.011"/>
  <testcase name="testSplitWithLargeContent" classname="com.kes.rag.SmartDocumentSplitterTest" time="0.037"/>
</testsuite>